<?xml version="1.0" encoding="UTF-8"?>
<testsuites name="TC_QUANTITY_004" time="68.9" tests="1" failures="0" errors="0">
   <testsuite name="TC_QUANTITY_004" tests="1" failures="0" errors="0" time="68.9" skipped="0" timestamp="17-01-2024T09:34:40" hostname="DESKTOP COMPUTER - DESKTOP-KL6BTBD" id="Test Suites/Manual Mode/TC_QUANTITY_004">
      <properties>
         <property name="deviceName" value=""/>
         <property name="devicePlatform" value=""/>
         <property name="logFolder" value="C:\\Users\\ramam\\git\\SI-GuidedProject-704083-1705042736\\Reports\\20240117_093435\\Manual Mode\\TC_QUANTITY_004\\20240117_093435"/>
         <property name="logFiles" value="C:\\Users\\ramam\\git\\SI-GuidedProject-704083-1705042736\\Reports\\20240117_093435\\Manual Mode\\TC_QUANTITY_004\\20240117_093435\\execution0.log"/>
         <property name="attachments" value=""/>
         <property name="hostName" value="DESKTOP COMPUTER - DESKTOP-KL6BTBD"/>
         <property name="os" value="Windows 10 64bit"/>
         <property name="katalonVersion" value="9.2.0.212"/>
         <property name="browser" value="Chrome 120.0.0.0"/>
         <property name="hostAddress" value="192.168.0.105"/>
         <property name="sessionId" value="c017f400728c1030e2a938cde4ad6f1f"/>
         <property name="seleniumVersion" value="3.141.59"/>
         <property name="proxyInformation" value="ProxyInformation { proxyOption=NO_PROXY, proxyServerType=HTTP, username=, password=********, proxyServerAddress=, proxyServerPort=0, executionList=&quot;&quot;, isApplyToDesiredCapabilities=true }"/>
         <property name="platform" value="Windows 10"/>
      </properties>
      <testcase name="Test Cases/Manual Mode/TC_QUANTITY_004" time="68.552" classname="Test Cases/Manual Mode/TC_QUANTITY_004" status="PASSED">
         <system-out><![CDATA[17-01-2024T09:34:41 - [TEST_CASE][PASSED] - Test Cases/Manual Mode/TC_QUANTITY_004: Test Cases/Manual Mode/TC_QUANTITY_004

17-01-2024T09:34:41 - [TEST_STEP][PASSED] - Start listener action : sampleBeforeTestCase: null

17-01-2024T09:34:41 - [TEST_STEP][PASSED] - println(testCaseContext.getTestCaseId()): null

17-01-2024T09:34:41 - [TEST_STEP][PASSED] - println(testCaseContext.getTestCaseVariables()): null

17-01-2024T09:34:41 - [TEST_STEP][PASSED] - openBrowser(""): Browser is opened with url: ''

17-01-2024T09:34:41 - [MESSAGE][INFO] - Starting 'Chrome' driver

17-01-2024T09:34:41 - [MESSAGE][INFO] - Action delay is set to 0 milliseconds

17-01-2024T09:34:43 - [MESSAGE][PASSED] - Browser is opened with url: ''

17-01-2024T09:34:43 - [TEST_STEP][PASSED] - navigateToUrl("https://www.amazon.com/"): Navigate to 'https://www.amazon.com/' successfully

17-01-2024T09:34:47 - [MESSAGE][PASSED] - Navigate to 'https://www.amazon.com/' successfully

17-01-2024T09:34:47 - [TEST_STEP][PASSED] - setText(findTestObject("Object Repository/TC_QUANTITY_004/Page_Amazon.com/input_field-keywords"), "GPBJAG"): Text 'GPBJAG' is set on object 'Object Repository/TC_QUANTITY_004/Page_Amazon.com/input_field-keywords'

17-01-2024T09:34:48 - [MESSAGE][PASSED] - Text 'GPBJAG' is set on object 'Object Repository/TC_QUANTITY_004/Page_Amazon.com/input_field-keywords'

17-01-2024T09:34:48 - [TEST_STEP][PASSED] - click(findTestObject("Object Repository/TC_QUANTITY_004/Page_Amazon.com/button_Continue shopping")): Object: 'Object Repository/TC_QUANTITY_004/Page_Amazon.com/button_Continue shopping' is clicked on

17-01-2024T09:34:49 - [MESSAGE][PASSED] - Object: 'Object Repository/TC_QUANTITY_004/Page_Amazon.com/button_Continue shopping' is clicked on

17-01-2024T09:34:49 - [TEST_STEP][PASSED] - setText(findTestObject("Object Repository/TC_QUANTITY_004/Page_Amazon.com. Spend less. Smile more/input_field-keywords"), "PENDRIVE"): Text 'PENDRIVE' is set on object 'Object Repository/TC_QUANTITY_004/Page_Amazon.com. Spend less. Smile more/input_field-keywords'

17-01-2024T09:35:00 - [MESSAGE][PASSED] - Text 'PENDRIVE' is set on object 'Object Repository/TC_QUANTITY_004/Page_Amazon.com. Spend less. Smile more/input_field-keywords'

17-01-2024T09:35:00 - [TEST_STEP][PASSED] - click(findTestObject("Object Repository/TC_QUANTITY_004/Page_Amazon.com. Spend less. Smile more/inputnav-search-submit-button")): Object: 'Object Repository/TC_QUANTITY_004/Page_Amazon.com. Spend less. Smile more/inputnav-search-submit-button' is clicked on

17-01-2024T09:35:08 - [MESSAGE][PASSED] - Object: 'Object Repository/TC_QUANTITY_004/Page_Amazon.com. Spend less. Smile more/inputnav-search-submit-button' is clicked on

17-01-2024T09:35:08 - [TEST_STEP][PASSED] - click(findTestObject("Object Repository/TC_QUANTITY_004/Page_Amazon.com  PENDRIVE/span_Type-C USB Flash Drive, 256GB, Transfe_3f34d6")): Object: 'Object Repository/TC_QUANTITY_004/Page_Amazon.com  PENDRIVE/span_Type-C USB Flash Drive, 256GB, Transfe_3f34d6' is clicked on

17-01-2024T09:35:39 - [MESSAGE][INFO] - Unable to find the element located by 'By.xpath: //div[@id='search']/div/div/div/span/div/div[9]/div/div/span/div/div/div/div[2]/div/div/div/h2/a/span'. Please recheck the objects properties to make sure the desired element is located. 

17-01-2024T09:35:39 - [MESSAGE][WARNING] - [SELF-HEALING] Failed to find element with id 'Object Repository/TC_QUANTITY_004/Page_Amazon.com  PENDRIVE/span_Type-C USB Flash Drive, 256GB, Transfe_3f34d6'. Try using Self-healing.

17-01-2024T09:35:39 - [MESSAGE][INFO] - [SELF-HEALING] Failed Locator: '//div[@id='search']/div/div/div/span/div/div[9]/div/div/span/div/div/div/div[2]/div/div/div/h2/a/span'.

17-01-2024T09:35:40 - [MESSAGE][INFO] - [SELF-HEALING] Failed Locator: '//div[9]/div/div/span/div/div/div/div[2]/div/div/div/h2/a/span'.

17-01-2024T09:35:40 - [MESSAGE][INFO] - [SELF-HEALING] Working Locator: '//span[(text() = 'Type-C™ USB Flash Drive, 256GB, Transfers 4GB Files in 11 Secs w/Up to 400MB/s 3.13 Read Speeds, Compatible w/USB 3.0/2.0, Waterproof, 2022,Blue' or . = 'Type-C™ USB Flash Drive, 256GB, Transfers 4GB Files in 11 Secs w/Up to 400MB/s 3.13 Read Speeds, Compatible w/USB 3.0/2.0, Waterproof, 2022,Blue')]'.

17-01-2024T09:35:40 - [MESSAGE][INFO] - [SELF-HEALING] Screenshot: C:/Users/ramam/git/SI-GuidedProject-704083-1705042736/Reports/Self-healing/Object Repository/TC_QUANTITY_004/Page_Amazon.com  PENDRIVE/span_Type-C USB Flash Drive, 256GB, Transfe_3f34d6_customAttributes.png

17-01-2024T09:35:40 - [MESSAGE][WARNING] - [SELF-HEALING] The current locator of test object 'Object Repository/TC_QUANTITY_004/Page_Amazon.com  PENDRIVE/span_Type-C USB Flash Drive, 256GB, Transfe_3f34d6' was broken. Propose an alternative one: '//span[(text() = 'Type-C™ USB Flash Drive, 256GB, Transfers 4GB Files in 11 Secs w/Up to 400MB/s 3.13 Read Speeds, Compatible w/USB 3.0/2.0, Waterproof, 2022,Blue' or . = 'Type-C™ USB Flash Drive, 256GB, Transfers 4GB Files in 11 Secs w/Up to 400MB/s 3.13 Read Speeds, Compatible w/USB 3.0/2.0, Waterproof, 2022,Blue')]'.

17-01-2024T09:35:45 - [MESSAGE][PASSED] - Object: 'Object Repository/TC_QUANTITY_004/Page_Amazon.com  PENDRIVE/span_Type-C USB Flash Drive, 256GB, Transfe_3f34d6' is clicked on

17-01-2024T09:35:45 - [TEST_STEP][PASSED] - selectOptionByValue(findTestObject("Object Repository/TC_QUANTITY_004/Page_Amazon.com SAMSUNG Type-C USB Flash Dr_c95e17/select_1        2        3        4        5"), "2", true): All options with value '2' are selected in object 'Object Repository/TC_QUANTITY_004/Page_Amazon.com SAMSUNG Type-C USB Flash Dr_c95e17/select_1        2        3        4        5'  using regular expression

17-01-2024T09:35:46 - [MESSAGE][PASSED] - All options with value '2' are selected in object 'Object Repository/TC_QUANTITY_004/Page_Amazon.com SAMSUNG Type-C USB Flash Dr_c95e17/select_1        2        3        4        5'  using regular expression

17-01-2024T09:35:46 - [TEST_STEP][PASSED] - click(findTestObject("Object Repository/TC_QUANTITY_004/Page_Amazon.com SAMSUNG Type-C USB Flash Dr_c95e17/input_submit.add-to-cart")): Object: 'Object Repository/TC_QUANTITY_004/Page_Amazon.com SAMSUNG Type-C USB Flash Dr_c95e17/input_submit.add-to-cart' is clicked on

17-01-2024T09:35:49 - [MESSAGE][PASSED] - Object: 'Object Repository/TC_QUANTITY_004/Page_Amazon.com SAMSUNG Type-C USB Flash Dr_c95e17/input_submit.add-to-cart' is clicked on

17-01-2024T09:35:49 - [TEST_STEP][PASSED] - closeBrowser(): Browser is closed

17-01-2024T09:35:49 - [MESSAGE][PASSED] - Browser is closed

17-01-2024T09:35:49 - [TEST_STEP][PASSED] - Start listener action : sampleAfterTestCase: null

17-01-2024T09:35:49 - [TEST_STEP][PASSED] - println(testCaseContext.getTestCaseId()): null

17-01-2024T09:35:49 - [TEST_STEP][PASSED] - println(testCaseContext.getTestCaseStatus()): null]]></system-out>
         <system-err><![CDATA[]]></system-err>
      </testcase>
      <system-out><![CDATA[17-01-2024T09:34:40 - [TEST_SUITE][PASSED] - TC_QUANTITY_004: Test Cases/Manual Mode/TC_QUANTITY_004]]></system-out>
      <system-err><![CDATA[]]></system-err>
   </testsuite>
</testsuites>
