<?xml version="1.0" encoding="UTF-8"?>
<testsuites name="TC_LOGIN_006" time="85.782" tests="1" failures="0" errors="0">
   <testsuite name="TC_LOGIN_006" tests="1" failures="0" errors="0" time="85.782" skipped="0" timestamp="16-01-2024T18:17:48" hostname="DESKTOP COMPUTER - DESKTOP-KL6BTBD" id="Test Suites/TC_LOGIN_006">
      <properties>
         <property name="deviceName" value=""/>
         <property name="devicePlatform" value=""/>
         <property name="logFolder" value="C:\\Users\\ramam\\git\\SI-GuidedProject-704083-1705042736\\Reports\\20240116_181743\\TC_LOGIN_006\\20240116_181743"/>
         <property name="logFiles" value="C:\\Users\\ramam\\git\\SI-GuidedProject-704083-1705042736\\Reports\\20240116_181743\\TC_LOGIN_006\\20240116_181743\\execution0.log"/>
         <property name="attachments" value=""/>
         <property name="hostName" value="DESKTOP COMPUTER - DESKTOP-KL6BTBD"/>
         <property name="os" value="Windows 10 64bit"/>
         <property name="katalonVersion" value="9.2.0.212"/>
         <property name="browser" value="Chrome 120.0.0.0"/>
         <property name="hostAddress" value="192.168.0.105"/>
         <property name="sessionId" value="f032b23ed0cffef8cda697edbc6a1358"/>
         <property name="seleniumVersion" value="3.141.59"/>
         <property name="proxyInformation" value="ProxyInformation { proxyOption=NO_PROXY, proxyServerType=HTTP, username=, password=********, proxyServerAddress=, proxyServerPort=0, executionList=&quot;&quot;, isApplyToDesiredCapabilities=true }"/>
         <property name="platform" value="Windows 10"/>
      </properties>
      <testcase name="Test Cases/DataDriven Testing/TC_LOGIN_006" time="85.522" classname="Test Cases/DataDriven Testing/TC_LOGIN_006" status="PASSED">
         <system-out><![CDATA[16-01-2024T18:17:48 - [TEST_CASE][PASSED] - Test Cases/DataDriven Testing/TC_LOGIN_006: Test Cases/DataDriven Testing/TC_LOGIN_006

16-01-2024T18:17:49 - [TEST_STEP][PASSED] - openBrowser(""): Browser is opened with url: ''

16-01-2024T18:17:49 - [MESSAGE][INFO] - Starting 'Chrome' driver

16-01-2024T18:17:49 - [MESSAGE][INFO] - Action delay is set to 0 milliseconds

16-01-2024T18:17:51 - [MESSAGE][PASSED] - Browser is opened with url: ''

16-01-2024T18:17:51 - [TEST_STEP][PASSED] - navigateToUrl("https://www.amazon.com/"): Navigate to 'https://www.amazon.com/' successfully

16-01-2024T18:17:56 - [MESSAGE][PASSED] - Navigate to 'https://www.amazon.com/' successfully

16-01-2024T18:17:56 - [TEST_STEP][PASSED] - click(findTestObject("Object Repository/DataDrivenTesting/TC_LOGIN_006/Page_Amazon.com. Spend less. Smile more/a_Hello, sign in  Account  Lists")): Object: 'Object Repository/DataDrivenTesting/TC_LOGIN_006/Page_Amazon.com. Spend less. Smile more/a_Hello, sign in  Account  Lists' is clicked on

16-01-2024T18:18:07 - [MESSAGE][PASSED] - Object: 'Object Repository/DataDrivenTesting/TC_LOGIN_006/Page_Amazon.com. Spend less. Smile more/a_Hello, sign in  Account  Lists' is clicked on

16-01-2024T18:18:07 - [TEST_STEP][PASSED] - setText(findTestObject("Object Repository/DataDrivenTesting/TC_LOGIN_006/Page_Amazon Sign-In/input_Email or mobile phone number_email"), email): Text '' is set on object 'Object Repository/DataDrivenTesting/TC_LOGIN_006/Page_Amazon Sign-In/input_Email or mobile phone number_email'

16-01-2024T18:18:08 - [MESSAGE][PASSED] - Text '' is set on object 'Object Repository/DataDrivenTesting/TC_LOGIN_006/Page_Amazon Sign-In/input_Email or mobile phone number_email'

16-01-2024T18:18:08 - [TEST_STEP][PASSED] - click(findTestObject("Object Repository/DataDrivenTesting/TC_LOGIN_006/Page_Amazon Sign-In/input_Enter your email or mobile phone numb_fc7402")): Object: 'Object Repository/DataDrivenTesting/TC_LOGIN_006/Page_Amazon Sign-In/input_Enter your email or mobile phone numb_fc7402' is clicked on

16-01-2024T18:18:09 - [MESSAGE][PASSED] - Object: 'Object Repository/DataDrivenTesting/TC_LOGIN_006/Page_Amazon Sign-In/input_Enter your email or mobile phone numb_fc7402' is clicked on

16-01-2024T18:18:09 - [TEST_STEP][PASSED] - setEncryptedText(findTestObject("Object Repository/DataDrivenTesting/TC_LOGIN_006/Page_Amazon Sign-In/input_Forgot your password_password"), password): Text ****** has been set on object 'Object Repository/DataDrivenTesting/TC_LOGIN_006/Page_Amazon Sign-In/input_Forgot your password_password'

16-01-2024T18:18:40 - [MESSAGE][INFO] - Unable to find the element located by 'By.xpath: //input[@id='ap_password']'. Please recheck the objects properties to make sure the desired element is located. 

16-01-2024T18:18:40 - [MESSAGE][WARNING] - [SELF-HEALING] Failed to find element with id 'Object Repository/DataDrivenTesting/TC_LOGIN_006/Page_Amazon Sign-In/input_Forgot your password_password'. Try using Self-healing.

16-01-2024T18:18:40 - [MESSAGE][INFO] - [SELF-HEALING] Failed Locator: '//input[@id='ap_password']'.

16-01-2024T18:18:40 - [MESSAGE][INFO] - [SELF-HEALING] Failed Locator: '//div[@id='authportal-main-section']/div[2]/div/div[2]/div/form/div/div/input'.

16-01-2024T18:18:41 - [MESSAGE][INFO] - [SELF-HEALING] Working Locator: '//div/div/input'.

16-01-2024T18:18:41 - [MESSAGE][INFO] - [SELF-HEALING] Screenshot: C:/Users/ramam/git/SI-GuidedProject-704083-1705042736/Reports/Self-healing/Object Repository/DataDrivenTesting/TC_LOGIN_006/Page_Amazon Sign-In/input_Forgot your password_password_position.png

16-01-2024T18:18:41 - [MESSAGE][WARNING] - [SELF-HEALING] The current locator of test object 'Object Repository/DataDrivenTesting/TC_LOGIN_006/Page_Amazon Sign-In/input_Forgot your password_password' was broken. Propose an alternative one: '//div/div/input'.

16-01-2024T18:18:41 - [MESSAGE][PASSED] - Text ****** has been set on object 'Object Repository/DataDrivenTesting/TC_LOGIN_006/Page_Amazon Sign-In/input_Forgot your password_password'

16-01-2024T18:18:41 - [TEST_STEP][PASSED] - click(findTestObject("Object Repository/DataDrivenTesting/TC_LOGIN_006/Page_Amazon Sign-In/input_Enter your password_signInSubmit")): Object: 'Object Repository/DataDrivenTesting/TC_LOGIN_006/Page_Amazon Sign-In/input_Enter your password_signInSubmit' is clicked on

16-01-2024T18:19:12 - [MESSAGE][INFO] - Unable to find the element located by 'By.xpath: //input[@id='signInSubmit']'. Please recheck the objects properties to make sure the desired element is located. 

16-01-2024T18:19:12 - [MESSAGE][WARNING] - [SELF-HEALING] Failed to find element with id 'Object Repository/DataDrivenTesting/TC_LOGIN_006/Page_Amazon Sign-In/input_Enter your password_signInSubmit'. Try using Self-healing.

16-01-2024T18:19:13 - [MESSAGE][INFO] - [SELF-HEALING] Failed Locator: '//input[@id='signInSubmit']'.

16-01-2024T18:19:13 - [MESSAGE][INFO] - [SELF-HEALING] Failed Locator: '//span[@id='auth-signin-button']/span/input'.

16-01-2024T18:19:13 - [MESSAGE][INFO] - [SELF-HEALING] Working Locator: '//span/input'.

16-01-2024T18:19:13 - [MESSAGE][INFO] - [SELF-HEALING] Screenshot: C:/Users/ramam/git/SI-GuidedProject-704083-1705042736/Reports/Self-healing/Object Repository/DataDrivenTesting/TC_LOGIN_006/Page_Amazon Sign-In/input_Enter your password_signInSubmit_position.png

16-01-2024T18:19:13 - [MESSAGE][WARNING] - [SELF-HEALING] The current locator of test object 'Object Repository/DataDrivenTesting/TC_LOGIN_006/Page_Amazon Sign-In/input_Enter your password_signInSubmit' was broken. Propose an alternative one: '//span/input'.

16-01-2024T18:19:13 - [MESSAGE][PASSED] - Object: 'Object Repository/DataDrivenTesting/TC_LOGIN_006/Page_Amazon Sign-In/input_Enter your password_signInSubmit' is clicked on

16-01-2024T18:19:13 - [TEST_STEP][PASSED] - closeBrowser(): Browser is closed

16-01-2024T18:19:14 - [MESSAGE][PASSED] - Browser is closed]]></system-out>
         <system-err><![CDATA[]]></system-err>
      </testcase>
      <system-out><![CDATA[16-01-2024T18:17:48 - [TEST_SUITE][PASSED] - TC_LOGIN_006: Test Cases/DataDriven Testing/TC_LOGIN_006]]></system-out>
      <system-err><![CDATA[]]></system-err>
   </testsuite>
</testsuites>
