<?xml version="1.0" encoding="UTF-8"?>
<testsuites name="TC_NEW_USER_003" time="65.147" tests="1" failures="0" errors="0">
   <testsuite name="TC_NEW_USER_003" tests="1" failures="0" errors="0" time="65.147" skipped="0" timestamp="16-01-2024T15:14:20" hostname="DESKTOP COMPUTER - DESKTOP-KL6BTBD" id="Test Suites/TC_NEW_USER_003">
      <properties>
         <property name="deviceName" value=""/>
         <property name="devicePlatform" value=""/>
         <property name="logFolder" value="C:\\Users\\ramam\\git\\SI-GuidedProject-704083-1705042736\\Reports\\20240116_151414\\TC_NEW_USER_003\\20240116_151415"/>
         <property name="logFiles" value="C:\\Users\\ramam\\git\\SI-GuidedProject-704083-1705042736\\Reports\\20240116_151414\\TC_NEW_USER_003\\20240116_151415\\execution0.log"/>
         <property name="attachments" value=""/>
         <property name="hostName" value="DESKTOP COMPUTER - DESKTOP-KL6BTBD"/>
         <property name="os" value="Windows 10 64bit"/>
         <property name="katalonVersion" value="9.2.0.212"/>
         <property name="browser" value="Chrome 120.0.0.0"/>
         <property name="hostAddress" value="192.168.0.105"/>
         <property name="sessionId" value="30cae963651019d9399c4dd042e48290"/>
         <property name="seleniumVersion" value="3.141.59"/>
         <property name="proxyInformation" value="ProxyInformation { proxyOption=NO_PROXY, proxyServerType=HTTP, username=, password=********, proxyServerAddress=, proxyServerPort=0, executionList=&quot;&quot;, isApplyToDesiredCapabilities=true }"/>
         <property name="platform" value="Windows 10"/>
      </properties>
      <testcase name="Test Cases/DataDriven Testing/TC_NEW_USER_003" time="64.863" classname="Test Cases/DataDriven Testing/TC_NEW_USER_003" status="PASSED">
         <system-out><![CDATA[16-01-2024T15:14:20 - [TEST_CASE][PASSED] - Test Cases/DataDriven Testing/TC_NEW_USER_003: Test Cases/DataDriven Testing/TC_NEW_USER_003

16-01-2024T15:14:21 - [TEST_STEP][PASSED] - openBrowser(""): Browser is opened with url: ''

16-01-2024T15:14:21 - [MESSAGE][INFO] - Starting 'Chrome' driver

16-01-2024T15:14:22 - [MESSAGE][INFO] - Action delay is set to 0 milliseconds

16-01-2024T15:14:24 - [MESSAGE][PASSED] - Browser is opened with url: ''

16-01-2024T15:14:24 - [TEST_STEP][PASSED] - navigateToUrl("https://www.amazon.com/"): Navigate to 'https://www.amazon.com/' successfully

16-01-2024T15:14:28 - [MESSAGE][PASSED] - Navigate to 'https://www.amazon.com/' successfully

16-01-2024T15:14:28 - [TEST_STEP][PASSED] - click(findTestObject("Object Repository/DataDrivenTesting/TC_NEW_USER_003/Page_Amazon.com. Spend less. Smile more/a_Hello, sign in  Account  Lists")): Object: 'Object Repository/DataDrivenTesting/TC_NEW_USER_003/Page_Amazon.com. Spend less. Smile more/a_Hello, sign in  Account  Lists' is clicked on

16-01-2024T15:14:45 - [MESSAGE][PASSED] - Object: 'Object Repository/DataDrivenTesting/TC_NEW_USER_003/Page_Amazon.com. Spend less. Smile more/a_Hello, sign in  Account  Lists' is clicked on

16-01-2024T15:14:45 - [TEST_STEP][PASSED] - click(findTestObject("Object Repository/DataDrivenTesting/TC_NEW_USER_003/Page_Amazon Sign-In/a_Create your Amazon account")): Object: 'Object Repository/DataDrivenTesting/TC_NEW_USER_003/Page_Amazon Sign-In/a_Create your Amazon account' is clicked on

16-01-2024T15:14:47 - [MESSAGE][PASSED] - Object: 'Object Repository/DataDrivenTesting/TC_NEW_USER_003/Page_Amazon Sign-In/a_Create your Amazon account' is clicked on

16-01-2024T15:14:47 - [TEST_STEP][PASSED] - setText(findTestObject("Object Repository/DataDrivenTesting/TC_NEW_USER_003/Page_Amazon Registration/input_Your name_customerName"), name): Text 'chetan
' is set on object 'Object Repository/DataDrivenTesting/TC_NEW_USER_003/Page_Amazon Registration/input_Your name_customerName'

16-01-2024T15:14:49 - [MESSAGE][PASSED] - Text 'chetan
' is set on object 'Object Repository/DataDrivenTesting/TC_NEW_USER_003/Page_Amazon Registration/input_Your name_customerName'

16-01-2024T15:14:49 - [TEST_STEP][PASSED] - setText(findTestObject("Object Repository/DataDrivenTesting/TC_NEW_USER_003/Page_Amazon Registration/input_US 1_email"), email): Text 'websterw116@gmail.com' is set on object 'Object Repository/DataDrivenTesting/TC_NEW_USER_003/Page_Amazon Registration/input_US 1_email'

16-01-2024T15:14:50 - [MESSAGE][PASSED] - Text 'websterw116@gmail.com' is set on object 'Object Repository/DataDrivenTesting/TC_NEW_USER_003/Page_Amazon Registration/input_US 1_email'

16-01-2024T15:14:50 - [TEST_STEP][PASSED] - setText(findTestObject("Object Repository/DataDrivenTesting/TC_NEW_USER_003/Page_Amazon Registration/input_Password_password"), password): Text 'Amazon@123' is set on object 'Object Repository/DataDrivenTesting/TC_NEW_USER_003/Page_Amazon Registration/input_Password_password'

16-01-2024T15:14:51 - [MESSAGE][PASSED] - Text 'Amazon@123' is set on object 'Object Repository/DataDrivenTesting/TC_NEW_USER_003/Page_Amazon Registration/input_Password_password'

16-01-2024T15:14:51 - [TEST_STEP][PASSED] - setText(findTestObject("DataDrivenTesting/TC_NEW_USER_003/Page_Amazon Registration/input_Re-enter password_passwordCheck"), reenterpassword): Text 'Amazon@123' is set on object 'Object Repository/DataDrivenTesting/TC_NEW_USER_003/Page_Amazon Registration/input_Re-enter password_passwordCheck'

16-01-2024T15:14:52 - [MESSAGE][PASSED] - Text 'Amazon@123' is set on object 'Object Repository/DataDrivenTesting/TC_NEW_USER_003/Page_Amazon Registration/input_Re-enter password_passwordCheck'

16-01-2024T15:14:52 - [TEST_STEP][PASSED] - click(findTestObject("Object Repository/DataDrivenTesting/TC_NEW_USER_003/Page_Amazon Registration/input_Passwords must match_continue")): Object: 'Object Repository/DataDrivenTesting/TC_NEW_USER_003/Page_Amazon Registration/input_Passwords must match_continue' is clicked on

16-01-2024T15:14:53 - [MESSAGE][PASSED] - Object: 'Object Repository/DataDrivenTesting/TC_NEW_USER_003/Page_Amazon Registration/input_Passwords must match_continue' is clicked on

16-01-2024T15:14:53 - [TEST_STEP][PASSED] - setText(findTestObject("Object Repository/DataDrivenTesting/TC_NEW_USER_003/Page_Authentication required/input_Enter OTP_code"), otp): Text '5642' is set on object 'Object Repository/DataDrivenTesting/TC_NEW_USER_003/Page_Authentication required/input_Enter OTP_code'

16-01-2024T15:15:24 - [MESSAGE][PASSED] - Text '5642' is set on object 'Object Repository/DataDrivenTesting/TC_NEW_USER_003/Page_Authentication required/input_Enter OTP_code'

16-01-2024T15:15:24 - [TEST_STEP][PASSED] - click(findTestObject("Object Repository/DataDrivenTesting/TC_NEW_USER_003/Page_Authentication required/input_Please enter the verification code_a-_1cda9a")): Object: 'Object Repository/DataDrivenTesting/TC_NEW_USER_003/Page_Authentication required/input_Please enter the verification code_a-_1cda9a' is clicked on

16-01-2024T15:15:25 - [MESSAGE][PASSED] - Object: 'Object Repository/DataDrivenTesting/TC_NEW_USER_003/Page_Authentication required/input_Please enter the verification code_a-_1cda9a' is clicked on

16-01-2024T15:15:25 - [TEST_STEP][PASSED] - closeBrowser(): Browser is closed

16-01-2024T15:15:25 - [MESSAGE][PASSED] - Browser is closed]]></system-out>
         <system-err><![CDATA[]]></system-err>
      </testcase>
      <system-out><![CDATA[16-01-2024T15:14:20 - [TEST_SUITE][PASSED] - TC_NEW_USER_003: Test Cases/DataDriven Testing/TC_NEW_USER_003]]></system-out>
      <system-err><![CDATA[]]></system-err>
   </testsuite>
</testsuites>
