<?xml version="1.0" encoding="UTF-8"?>
<testsuites name="Amazon_Search" time="111.562" tests="4" failures="0" errors="0">
   <testsuite name="Amazon_Search" tests="4" failures="0" errors="0" time="111.562" skipped="0" timestamp="16-01-2024T09:50:59" hostname="DESKTOP COMPUTER - DESKTOP-KL6BTBD" id="Test Suites/Amazon_Search">
      <properties>
         <property name="deviceName" value=""/>
         <property name="devicePlatform" value=""/>
         <property name="logFolder" value="C:\\Users\\ramam\\git\\SI-GuidedProject-704083-1705042736\\Reports\\20240116_095053\\Amazon_Search\\20240116_095054"/>
         <property name="logFiles" value="C:\\Users\\ramam\\git\\SI-GuidedProject-704083-1705042736\\Reports\\20240116_095053\\Amazon_Search\\20240116_095054\\execution0.log"/>
         <property name="attachments" value=""/>
         <property name="hostName" value="DESKTOP COMPUTER - DESKTOP-KL6BTBD"/>
         <property name="os" value="Windows 10 64bit"/>
         <property name="katalonVersion" value="9.2.0.212"/>
         <property name="browser" value="Chrome 120.0.0.0"/>
         <property name="hostAddress" value="192.168.0.105"/>
         <property name="sessionId" value="6513598684db26cdce56853c8e767f8e"/>
         <property name="seleniumVersion" value="3.141.59"/>
         <property name="proxyInformation" value="ProxyInformation { proxyOption=NO_PROXY, proxyServerType=HTTP, username=, password=********, proxyServerAddress=, proxyServerPort=0, executionList=&quot;&quot;, isApplyToDesiredCapabilities=true }"/>
         <property name="platform" value="Windows 10"/>
      </properties>
      <testcase name="Test Cases/DataDriven Testing/AMAZON_SEARCH_001" time="27.699" classname="Test Cases/DataDriven Testing/AMAZON_SEARCH_001" status="PASSED">
         <system-out><![CDATA[16-01-2024T09:51:00 - [TEST_CASE][PASSED] - Test Cases/DataDriven Testing/AMAZON_SEARCH_001: Test Cases/DataDriven Testing/AMAZON_SEARCH_001

16-01-2024T09:51:00 - [TEST_STEP][PASSED] - openBrowser(""): Browser is opened with url: ''

16-01-2024T09:51:01 - [MESSAGE][INFO] - Starting 'Chrome' driver

16-01-2024T09:51:01 - [MESSAGE][INFO] - Action delay is set to 0 milliseconds

16-01-2024T09:51:03 - [MESSAGE][PASSED] - Browser is opened with url: ''

16-01-2024T09:51:03 - [TEST_STEP][PASSED] - navigateToUrl("www.amazon.com"): Navigate to 'http://www.amazon.com' successfully

16-01-2024T09:51:07 - [MESSAGE][PASSED] - Navigate to 'http://www.amazon.com' successfully

16-01-2024T09:51:07 - [TEST_STEP][PASSED] - selectOptionByLabel(findTestObject("DataDrivenTesting/Page_Amazon.com. Spend less. Smile more/categoryelement"), category, false): All options with label 'Books' are selected in object 'Object Repository/DataDrivenTesting/Page_Amazon.com. Spend less. Smile more/categoryelement' 

16-01-2024T09:51:20 - [MESSAGE][PASSED] - All options with label 'Books' are selected in object 'Object Repository/DataDrivenTesting/Page_Amazon.com. Spend less. Smile more/categoryelement' 

16-01-2024T09:51:20 - [TEST_STEP][PASSED] - setText(findTestObject("DataDrivenTesting/Page_Amazon.com. Spend less. Smile more/input_Search Amazon_field-keywords"), item): Text 'Da vinci code' is set on object 'Object Repository/DataDrivenTesting/Page_Amazon.com. Spend less. Smile more/input_Search Amazon_field-keywords'

16-01-2024T09:51:21 - [MESSAGE][PASSED] - Text 'Da vinci code' is set on object 'Object Repository/DataDrivenTesting/Page_Amazon.com. Spend less. Smile more/input_Search Amazon_field-keywords'

16-01-2024T09:51:21 - [TEST_STEP][PASSED] - click(findTestObject("DataDrivenTesting/Page_Amazon.com. Spend less. Smile more/input_Search Amazon_nav-search-submit-button")): Object: 'Object Repository/DataDrivenTesting/Page_Amazon.com. Spend less. Smile more/input_Search Amazon_nav-search-submit-button' is clicked on

16-01-2024T09:51:27 - [MESSAGE][PASSED] - Object: 'Object Repository/DataDrivenTesting/Page_Amazon.com. Spend less. Smile more/input_Search Amazon_nav-search-submit-button' is clicked on

16-01-2024T09:51:27 - [TEST_STEP][PASSED] - closeBrowser(): Browser is closed

16-01-2024T09:51:27 - [MESSAGE][PASSED] - Browser is closed]]></system-out>
         <system-err><![CDATA[]]></system-err>
      </testcase>
      <testcase name="Test Cases/DataDriven Testing/AMAZON_SEARCH_001" time="28.396" classname="Test Cases/DataDriven Testing/AMAZON_SEARCH_001" status="PASSED">
         <system-out><![CDATA[16-01-2024T09:51:27 - [TEST_CASE][PASSED] - Test Cases/DataDriven Testing/AMAZON_SEARCH_001: Test Cases/DataDriven Testing/AMAZON_SEARCH_001

16-01-2024T09:51:27 - [TEST_STEP][PASSED] - openBrowser(""): Browser is opened with url: ''

16-01-2024T09:51:27 - [MESSAGE][INFO] - Starting 'Chrome' driver

16-01-2024T09:51:27 - [MESSAGE][INFO] - Action delay is set to 0 milliseconds

16-01-2024T09:51:28 - [MESSAGE][PASSED] - Browser is opened with url: ''

16-01-2024T09:51:28 - [TEST_STEP][PASSED] - navigateToUrl("www.amazon.com"): Navigate to 'http://www.amazon.com' successfully

16-01-2024T09:51:33 - [MESSAGE][PASSED] - Navigate to 'http://www.amazon.com' successfully

16-01-2024T09:51:33 - [TEST_STEP][PASSED] - selectOptionByLabel(findTestObject("DataDrivenTesting/Page_Amazon.com. Spend less. Smile more/categoryelement"), category, false): All options with label 'Electronics' are selected in object 'Object Repository/DataDrivenTesting/Page_Amazon.com. Spend less. Smile more/categoryelement' 

16-01-2024T09:51:46 - [MESSAGE][PASSED] - All options with label 'Electronics' are selected in object 'Object Repository/DataDrivenTesting/Page_Amazon.com. Spend less. Smile more/categoryelement' 

16-01-2024T09:51:46 - [TEST_STEP][PASSED] - setText(findTestObject("DataDrivenTesting/Page_Amazon.com. Spend less. Smile more/input_Search Amazon_field-keywords"), item): Text 'Mobile Phones' is set on object 'Object Repository/DataDrivenTesting/Page_Amazon.com. Spend less. Smile more/input_Search Amazon_field-keywords'

16-01-2024T09:51:47 - [MESSAGE][PASSED] - Text 'Mobile Phones' is set on object 'Object Repository/DataDrivenTesting/Page_Amazon.com. Spend less. Smile more/input_Search Amazon_field-keywords'

16-01-2024T09:51:47 - [TEST_STEP][PASSED] - click(findTestObject("DataDrivenTesting/Page_Amazon.com. Spend less. Smile more/input_Search Amazon_nav-search-submit-button")): Object: 'Object Repository/DataDrivenTesting/Page_Amazon.com. Spend less. Smile more/input_Search Amazon_nav-search-submit-button' is clicked on

16-01-2024T09:51:55 - [MESSAGE][PASSED] - Object: 'Object Repository/DataDrivenTesting/Page_Amazon.com. Spend less. Smile more/input_Search Amazon_nav-search-submit-button' is clicked on

16-01-2024T09:51:55 - [TEST_STEP][PASSED] - closeBrowser(): Browser is closed

16-01-2024T09:51:56 - [MESSAGE][PASSED] - Browser is closed]]></system-out>
         <system-err><![CDATA[]]></system-err>
      </testcase>
      <testcase name="Test Cases/DataDriven Testing/AMAZON_SEARCH_001" time="25.838" classname="Test Cases/DataDriven Testing/AMAZON_SEARCH_001" status="PASSED">
         <system-out><![CDATA[16-01-2024T09:51:56 - [TEST_CASE][PASSED] - Test Cases/DataDriven Testing/AMAZON_SEARCH_001: Test Cases/DataDriven Testing/AMAZON_SEARCH_001

16-01-2024T09:51:56 - [TEST_STEP][PASSED] - openBrowser(""): Browser is opened with url: ''

16-01-2024T09:51:56 - [MESSAGE][INFO] - Starting 'Chrome' driver

16-01-2024T09:51:56 - [MESSAGE][INFO] - Action delay is set to 0 milliseconds

16-01-2024T09:51:57 - [MESSAGE][PASSED] - Browser is opened with url: ''

16-01-2024T09:51:57 - [TEST_STEP][PASSED] - navigateToUrl("www.amazon.com"): Navigate to 'http://www.amazon.com' successfully

16-01-2024T09:52:01 - [MESSAGE][PASSED] - Navigate to 'http://www.amazon.com' successfully

16-01-2024T09:52:01 - [TEST_STEP][PASSED] - selectOptionByLabel(findTestObject("DataDrivenTesting/Page_Amazon.com. Spend less. Smile more/categoryelement"), category, false): All options with label 'Home & Kitchen' are selected in object 'Object Repository/DataDrivenTesting/Page_Amazon.com. Spend less. Smile more/categoryelement' 

16-01-2024T09:52:13 - [MESSAGE][PASSED] - All options with label 'Home & Kitchen' are selected in object 'Object Repository/DataDrivenTesting/Page_Amazon.com. Spend less. Smile more/categoryelement' 

16-01-2024T09:52:13 - [TEST_STEP][PASSED] - setText(findTestObject("DataDrivenTesting/Page_Amazon.com. Spend less. Smile more/input_Search Amazon_field-keywords"), item): Text 'Washing Machine' is set on object 'Object Repository/DataDrivenTesting/Page_Amazon.com. Spend less. Smile more/input_Search Amazon_field-keywords'

16-01-2024T09:52:15 - [MESSAGE][PASSED] - Text 'Washing Machine' is set on object 'Object Repository/DataDrivenTesting/Page_Amazon.com. Spend less. Smile more/input_Search Amazon_field-keywords'

16-01-2024T09:52:15 - [TEST_STEP][PASSED] - click(findTestObject("DataDrivenTesting/Page_Amazon.com. Spend less. Smile more/input_Search Amazon_nav-search-submit-button")): Object: 'Object Repository/DataDrivenTesting/Page_Amazon.com. Spend less. Smile more/input_Search Amazon_nav-search-submit-button' is clicked on

16-01-2024T09:52:21 - [MESSAGE][PASSED] - Object: 'Object Repository/DataDrivenTesting/Page_Amazon.com. Spend less. Smile more/input_Search Amazon_nav-search-submit-button' is clicked on

16-01-2024T09:52:21 - [TEST_STEP][PASSED] - closeBrowser(): Browser is closed

16-01-2024T09:52:22 - [MESSAGE][PASSED] - Browser is closed]]></system-out>
         <system-err><![CDATA[]]></system-err>
      </testcase>
      <testcase name="Test Cases/DataDriven Testing/AMAZON_SEARCH_001" time="29.132" classname="Test Cases/DataDriven Testing/AMAZON_SEARCH_001" status="PASSED">
         <system-out><![CDATA[16-01-2024T09:52:22 - [TEST_CASE][PASSED] - Test Cases/DataDriven Testing/AMAZON_SEARCH_001: Test Cases/DataDriven Testing/AMAZON_SEARCH_001

16-01-2024T09:52:22 - [TEST_STEP][PASSED] - openBrowser(""): Browser is opened with url: ''

16-01-2024T09:52:22 - [MESSAGE][INFO] - Starting 'Chrome' driver

16-01-2024T09:52:22 - [MESSAGE][INFO] - Action delay is set to 0 milliseconds

16-01-2024T09:52:23 - [MESSAGE][PASSED] - Browser is opened with url: ''

16-01-2024T09:52:23 - [TEST_STEP][PASSED] - navigateToUrl("www.amazon.com"): Navigate to 'http://www.amazon.com' successfully

16-01-2024T09:52:26 - [MESSAGE][PASSED] - Navigate to 'http://www.amazon.com' successfully

16-01-2024T09:52:26 - [TEST_STEP][PASSED] - selectOptionByLabel(findTestObject("DataDrivenTesting/Page_Amazon.com. Spend less. Smile more/categoryelement"), category, false): All options with label 'Automotive' are selected in object 'Object Repository/DataDrivenTesting/Page_Amazon.com. Spend less. Smile more/categoryelement' 

16-01-2024T09:52:35 - [MESSAGE][PASSED] - All options with label 'Automotive' are selected in object 'Object Repository/DataDrivenTesting/Page_Amazon.com. Spend less. Smile more/categoryelement' 

16-01-2024T09:52:35 - [TEST_STEP][PASSED] - setText(findTestObject("DataDrivenTesting/Page_Amazon.com. Spend less. Smile more/input_Search Amazon_field-keywords"), item): Text 'bmw' is set on object 'Object Repository/DataDrivenTesting/Page_Amazon.com. Spend less. Smile more/input_Search Amazon_field-keywords'

16-01-2024T09:52:37 - [MESSAGE][PASSED] - Text 'bmw' is set on object 'Object Repository/DataDrivenTesting/Page_Amazon.com. Spend less. Smile more/input_Search Amazon_field-keywords'

16-01-2024T09:52:37 - [TEST_STEP][PASSED] - click(findTestObject("DataDrivenTesting/Page_Amazon.com. Spend less. Smile more/input_Search Amazon_nav-search-submit-button")): Object: 'Object Repository/DataDrivenTesting/Page_Amazon.com. Spend less. Smile more/input_Search Amazon_nav-search-submit-button' is clicked on

16-01-2024T09:52:50 - [MESSAGE][PASSED] - Object: 'Object Repository/DataDrivenTesting/Page_Amazon.com. Spend less. Smile more/input_Search Amazon_nav-search-submit-button' is clicked on

16-01-2024T09:52:50 - [TEST_STEP][PASSED] - closeBrowser(): Browser is closed

16-01-2024T09:52:51 - [MESSAGE][PASSED] - Browser is closed]]></system-out>
         <system-err><![CDATA[]]></system-err>
      </testcase>
      <system-out><![CDATA[16-01-2024T09:50:59 - [TEST_SUITE][PASSED] - Amazon_Search: Test Cases/DataDriven Testing/AMAZON_SEARCH_001]]></system-out>
      <system-err><![CDATA[]]></system-err>
   </testsuite>
</testsuites>
