<?xml version="1.0" encoding="UTF-8"?>
<testsuites name="TC_QUANTITY_004" time="8.113" tests="0" failures="0" errors="0">
   <testsuite name="TC_QUANTITY_004" tests="0" failures="0" errors="0" time="8.113" skipped="0" timestamp="20-01-2024T09:58:57" hostname="DESKTOP COMPUTER - DESKTOP-KL6BTBD" id="Test Suites/TestListeners/TC_QUANTITY_004">
      <properties>
         <property name="deviceName" value=""/>
         <property name="devicePlatform" value=""/>
         <property name="logFolder" value="C:\\Users\\ramam\\git\\SI-GuidedProject-704083-1705042736\\Reports\\20240120_095247\\TestListeners\\TC_QUANTITY_004\\20240120_095505"/>
         <property name="logFiles" value="C:\\Users\\ramam\\git\\SI-GuidedProject-704083-1705042736\\Reports\\20240120_095247\\TestListeners\\TC_QUANTITY_004\\20240120_095505\\execution0.log"/>
         <property name="attachments" value=""/>
         <property name="hostName" value="DESKTOP COMPUTER - DESKTOP-KL6BTBD"/>
         <property name="hostAddress" value="192.168.0.105"/>
         <property name="os" value="Windows 10 64bit"/>
         <property name="katalonVersion" value="9.2.0.212"/>
      </properties>
      <system-out><![CDATA[20-01-2024T09:58:57 - [TEST_SUITE][PASSED] - TC_QUANTITY_004: null]]></system-out>
      <system-err><![CDATA[]]></system-err>
   </testsuite>
</testsuites>
