<?xml version="1.0" encoding="UTF-8"?>
<testsuites name="TC_AMAZON_LANG_002" time="49.392" tests="1" failures="0" errors="0">
   <testsuite name="TC_AMAZON_LANG_002" tests="1" failures="0" errors="0" time="49.392" skipped="0" timestamp="17-01-2024T08:53:54" hostname="DESKTOP COMPUTER - DESKTOP-KL6BTBD" id="Test Suites/TC_AMAZON_LANG_002">
      <properties>
         <property name="deviceName" value=""/>
         <property name="devicePlatform" value=""/>
         <property name="logFolder" value="C:\\Users\\ramam\\git\\SI-GuidedProject-704083-1705042736\\Reports\\20240117_085347\\TC_AMAZON_LANG_002\\20240117_085347"/>
         <property name="logFiles" value="C:\\Users\\ramam\\git\\SI-GuidedProject-704083-1705042736\\Reports\\20240117_085347\\TC_AMAZON_LANG_002\\20240117_085347\\execution0.log"/>
         <property name="attachments" value=""/>
         <property name="hostName" value="DESKTOP COMPUTER - DESKTOP-KL6BTBD"/>
         <property name="os" value="Windows 10 64bit"/>
         <property name="katalonVersion" value="9.2.0.212"/>
         <property name="browser" value="Chrome 120.0.0.0"/>
         <property name="hostAddress" value="192.168.0.105"/>
         <property name="sessionId" value="8359d39aa51d0015fe90d04b9c61aeea"/>
         <property name="seleniumVersion" value="3.141.59"/>
         <property name="proxyInformation" value="ProxyInformation { proxyOption=NO_PROXY, proxyServerType=HTTP, username=, password=********, proxyServerAddress=, proxyServerPort=0, executionList=&quot;&quot;, isApplyToDesiredCapabilities=true }"/>
         <property name="platform" value="Windows 10"/>
      </properties>
      <testcase name="Test Cases/Record and Playback/TC_AMAZON_LANG_002" time="48.999" classname="Test Cases/Record and Playback/TC_AMAZON_LANG_002" status="PASSED">
         <system-out><![CDATA[17-01-2024T08:53:54 - [TEST_CASE][PASSED] - Test Cases/Record and Playback/TC_AMAZON_LANG_002: Test Cases/Record and Playback/TC_AMAZON_LANG_002

17-01-2024T08:53:54 - [TEST_STEP][PASSED] - Start listener action : sampleBeforeTestCase: null

17-01-2024T08:53:54 - [TEST_STEP][PASSED] - println(testCaseContext.getTestCaseId()): null

17-01-2024T08:53:54 - [TEST_STEP][PASSED] - println(testCaseContext.getTestCaseVariables()): null

17-01-2024T08:53:54 - [TEST_STEP][PASSED] - openBrowser(""): Browser is opened with url: ''

17-01-2024T08:53:55 - [MESSAGE][INFO] - Starting 'Chrome' driver

17-01-2024T08:53:55 - [MESSAGE][INFO] - Action delay is set to 0 milliseconds

17-01-2024T08:53:57 - [MESSAGE][PASSED] - Browser is opened with url: ''

17-01-2024T08:53:57 - [TEST_STEP][PASSED] - navigateToUrl("https://www.amazon.com/"): Navigate to 'https://www.amazon.com/' successfully

17-01-2024T08:54:01 - [MESSAGE][PASSED] - Navigate to 'https://www.amazon.com/' successfully

17-01-2024T08:54:01 - [TEST_STEP][PASSED] - click(findTestObject("Object Repository/TC_AMAZON_LANG_002/Page_Amazon.com. Spend less. Smile more/input_India_a-button-input")): Object: 'Object Repository/TC_AMAZON_LANG_002/Page_Amazon.com. Spend less. Smile more/input_India_a-button-input' is clicked on

17-01-2024T08:54:11 - [MESSAGE][PASSED] - Object: 'Object Repository/TC_AMAZON_LANG_002/Page_Amazon.com. Spend less. Smile more/input_India_a-button-input' is clicked on

17-01-2024T08:54:11 - [TEST_STEP][PASSED] - click(findTestObject("Object Repository/TC_AMAZON_LANG_002/Page_Amazon.com. Spend less. Smile more/a_EN")): Object: 'Object Repository/TC_AMAZON_LANG_002/Page_Amazon.com. Spend less. Smile more/a_EN' is clicked on

17-01-2024T08:54:14 - [MESSAGE][PASSED] - Object: 'Object Repository/TC_AMAZON_LANG_002/Page_Amazon.com. Spend less. Smile more/a_EN' is clicked on

17-01-2024T08:54:14 - [TEST_STEP][PASSED] - click(findTestObject("Object Repository/TC_AMAZON_LANG_002/Page_Change Language  Currency Settings/span_espaol -        ES                    _191430")): Object: 'Object Repository/TC_AMAZON_LANG_002/Page_Change Language  Currency Settings/span_espaol -        ES                    _191430' is clicked on

17-01-2024T08:54:16 - [MESSAGE][PASSED] - Object: 'Object Repository/TC_AMAZON_LANG_002/Page_Change Language  Currency Settings/span_espaol -        ES                    _191430' is clicked on

17-01-2024T08:54:16 - [TEST_STEP][PASSED] - click(findTestObject("Object Repository/TC_AMAZON_LANG_002/Page_Change Language  Currency Settings/input_Cancelar_a-button-input")): Object: 'Object Repository/TC_AMAZON_LANG_002/Page_Change Language  Currency Settings/input_Cancelar_a-button-input' is clicked on

17-01-2024T08:54:17 - [MESSAGE][PASSED] - Object: 'Object Repository/TC_AMAZON_LANG_002/Page_Change Language  Currency Settings/input_Cancelar_a-button-input' is clicked on

17-01-2024T08:54:17 - [TEST_STEP][PASSED] - click(findTestObject("Object Repository/TC_AMAZON_LANG_002/Page_Amazon.com. Gasta menos. Sonre ms/span_ES")): Object: 'Object Repository/TC_AMAZON_LANG_002/Page_Amazon.com. Gasta menos. Sonre ms/span_ES' is clicked on

17-01-2024T08:54:24 - [MESSAGE][PASSED] - Object: 'Object Repository/TC_AMAZON_LANG_002/Page_Amazon.com. Gasta menos. Sonre ms/span_ES' is clicked on

17-01-2024T08:54:24 - [TEST_STEP][PASSED] - click(findTestObject("Object Repository/TC_AMAZON_LANG_002/Page_Cambiar configuracin de idioma y moneda/label_portugus -        PT                 _69c65f")): Object: 'Object Repository/TC_AMAZON_LANG_002/Page_Cambiar configuracin de idioma y moneda/label_portugus -        PT                 _69c65f' is clicked on

17-01-2024T08:54:25 - [MESSAGE][PASSED] - Object: 'Object Repository/TC_AMAZON_LANG_002/Page_Cambiar configuracin de idioma y moneda/label_portugus -        PT                 _69c65f' is clicked on

17-01-2024T08:54:25 - [TEST_STEP][PASSED] - click(findTestObject("Object Repository/TC_AMAZON_LANG_002/Page_Cambiar configuracin de idioma y moneda/input_Cancelar_a-button-input")): Object: 'Object Repository/TC_AMAZON_LANG_002/Page_Cambiar configuracin de idioma y moneda/input_Cancelar_a-button-input' is clicked on

17-01-2024T08:54:26 - [MESSAGE][PASSED] - Object: 'Object Repository/TC_AMAZON_LANG_002/Page_Cambiar configuracin de idioma y moneda/input_Cancelar_a-button-input' is clicked on

17-01-2024T08:54:26 - [TEST_STEP][PASSED] - click(findTestObject("Object Repository/TC_AMAZON_LANG_002/Page_Amazon.com. Spend less. Smile more/a_PT")): Object: 'Object Repository/TC_AMAZON_LANG_002/Page_Amazon.com. Spend less. Smile more/a_PT' is clicked on

17-01-2024T08:54:30 - [MESSAGE][PASSED] - Object: 'Object Repository/TC_AMAZON_LANG_002/Page_Amazon.com. Spend less. Smile more/a_PT' is clicked on

17-01-2024T08:54:30 - [TEST_STEP][PASSED] - click(findTestObject("Object Repository/TC_AMAZON_LANG_002/Page_Alterar configuraes de idioma e moeda/label_English -        EN")): Object: 'Object Repository/TC_AMAZON_LANG_002/Page_Alterar configuraes de idioma e moeda/label_English -        EN' is clicked on

17-01-2024T08:54:31 - [MESSAGE][PASSED] - Object: 'Object Repository/TC_AMAZON_LANG_002/Page_Alterar configuraes de idioma e moeda/label_English -        EN' is clicked on

17-01-2024T08:54:31 - [TEST_STEP][PASSED] - click(findTestObject("Object Repository/TC_AMAZON_LANG_002/Page_Alterar configuraes de idioma e moeda/input_Cancel_a-button-input")): Object: 'Object Repository/TC_AMAZON_LANG_002/Page_Alterar configuraes de idioma e moeda/input_Cancel_a-button-input' is clicked on

17-01-2024T08:54:32 - [MESSAGE][PASSED] - Object: 'Object Repository/TC_AMAZON_LANG_002/Page_Alterar configuraes de idioma e moeda/input_Cancel_a-button-input' is clicked on

17-01-2024T08:54:32 - [TEST_STEP][PASSED] - doubleClick(findTestObject("Object Repository/TC_AMAZON_LANG_002/Page_Amazon.com. Spend less. Smile more/span_EN")): Object: 'Object Repository/TC_AMAZON_LANG_002/Page_Amazon.com. Spend less. Smile more/span_EN' is double clicked on

17-01-2024T08:54:35 - [MESSAGE][PASSED] - Object: 'Object Repository/TC_AMAZON_LANG_002/Page_Amazon.com. Spend less. Smile more/span_EN' is double clicked on

17-01-2024T08:54:35 - [TEST_STEP][PASSED] - click(findTestObject("Object Repository/TC_AMAZON_LANG_002/Page_Change Language  Currency Settings/label_Deutsch -        DE                  _ff571f")): Object: 'Object Repository/TC_AMAZON_LANG_002/Page_Change Language  Currency Settings/label_Deutsch -        DE                  _ff571f' is clicked on

17-01-2024T08:54:36 - [MESSAGE][PASSED] - Object: 'Object Repository/TC_AMAZON_LANG_002/Page_Change Language  Currency Settings/label_Deutsch -        DE                  _ff571f' is clicked on

17-01-2024T08:54:36 - [TEST_STEP][PASSED] - click(findTestObject("Object Repository/TC_AMAZON_LANG_002/Page_Change Language  Currency Settings/input_Cancelar_a-button-input")): Object: 'Object Repository/TC_AMAZON_LANG_002/Page_Change Language  Currency Settings/input_Cancelar_a-button-input' is clicked on

17-01-2024T08:54:37 - [MESSAGE][PASSED] - Object: 'Object Repository/TC_AMAZON_LANG_002/Page_Change Language  Currency Settings/input_Cancelar_a-button-input' is clicked on

17-01-2024T08:54:37 - [TEST_STEP][PASSED] - setText(findTestObject("Object Repository/TC_AMAZON_LANG_002/Page_Amazon.com. Spend less. Smile more/input_Suche Amazon_field-keywords"), "KAR"): Text 'KAR' is set on object 'Object Repository/TC_AMAZON_LANG_002/Page_Amazon.com. Spend less. Smile more/input_Suche Amazon_field-keywords'

17-01-2024T08:54:41 - [MESSAGE][PASSED] - Text 'KAR' is set on object 'Object Repository/TC_AMAZON_LANG_002/Page_Amazon.com. Spend less. Smile more/input_Suche Amazon_field-keywords'

17-01-2024T08:54:41 - [TEST_STEP][PASSED] - click(findTestObject("Object Repository/TC_AMAZON_LANG_002/Page_Amazon.com. Spend less. Smile more/input_Suche Amazon_nav-search-submit-button")): Object: 'Object Repository/TC_AMAZON_LANG_002/Page_Amazon.com. Spend less. Smile more/input_Suche Amazon_nav-search-submit-button' is clicked on

17-01-2024T08:54:43 - [MESSAGE][PASSED] - Object: 'Object Repository/TC_AMAZON_LANG_002/Page_Amazon.com. Spend less. Smile more/input_Suche Amazon_nav-search-submit-button' is clicked on

17-01-2024T08:54:43 - [TEST_STEP][PASSED] - closeBrowser(): Browser is closed

17-01-2024T08:54:43 - [MESSAGE][PASSED] - Browser is closed

17-01-2024T08:54:43 - [TEST_STEP][PASSED] - Start listener action : sampleAfterTestCase: null

17-01-2024T08:54:43 - [TEST_STEP][PASSED] - println(testCaseContext.getTestCaseId()): null

17-01-2024T08:54:43 - [TEST_STEP][PASSED] - println(testCaseContext.getTestCaseStatus()): null]]></system-out>
         <system-err><![CDATA[]]></system-err>
      </testcase>
      <system-out><![CDATA[17-01-2024T08:53:54 - [TEST_SUITE][PASSED] - TC_AMAZON_LANG_002: Test Cases/Record and Playback/TC_AMAZON_LANG_002]]></system-out>
      <system-err><![CDATA[]]></system-err>
   </testsuite>
</testsuites>
